<?xml version="1.0" encoding="UTF-8"?>
<testsuite xmlns:xsi="http://www.w3.org/2001/XMLSchema-instance" xsi:noNamespaceSchemaLocation="https://maven.apache.org/surefire/maven-surefire-plugin/xsd/surefire-test-report.xsd" name="com.zhang.SpringBootCrmApplicationTests" time="6.396" tests="1" errors="0" skipped="0" failures="0">
  <properties>
    <property name="sun.desktop" value="windows"/>
    <property name="awt.toolkit" value="sun.awt.windows.WToolkit"/>
    <property name="file.encoding.pkg" value="sun.io"/>
    <property name="java.specification.version" value="1.8"/>
    <property name="sun.cpu.isalist" value="amd64"/>
    <property name="sun.jnu.encoding" value="GBK"/>
    <property name="java.class.path" value="C:\Users\86173\Desktop\springBoot_crm\target\test-classes;C:\Users\86173\Desktop\springBoot_crm\target\classes;D:\apache-maven-3.8.4\repository\org\springframework\boot\spring-boot-starter-tomcat\2.6.12\spring-boot-starter-tomcat-2.6.12.jar;D:\apache-maven-3.8.4\repository\jakarta\annotation\jakarta.annotation-api\1.3.5\jakarta.annotation-api-1.3.5.jar;D:\apache-maven-3.8.4\repository\org\apache\tomcat\embed\tomcat-embed-core\9.0.65\tomcat-embed-core-9.0.65.jar;D:\apache-maven-3.8.4\repository\org\apache\tomcat\embed\tomcat-embed-el\9.0.65\tomcat-embed-el-9.0.65.jar;D:\apache-maven-3.8.4\repository\org\apache\tomcat\embed\tomcat-embed-websocket\9.0.65\tomcat-embed-websocket-9.0.65.jar;D:\apache-maven-3.8.4\repository\org\apache\tomcat\embed\tomcat-embed-jasper\9.0.65\tomcat-embed-jasper-9.0.65.jar;D:\apache-maven-3.8.4\repository\org\eclipse\jdt\ecj\3.18.0\ecj-3.18.0.jar;D:\apache-maven-3.8.4\repository\org\springframework\boot\spring-boot-starter\2.6.12\spring-boot-starter-2.6.12.jar;D:\apache-maven-3.8.4\repository\org\springframework\boot\spring-boot\2.6.12\spring-boot-2.6.12.jar;D:\apache-maven-3.8.4\repository\org\springframework\spring-context\5.3.23\spring-context-5.3.23.jar;D:\apache-maven-3.8.4\repository\org\springframework\boot\spring-boot-autoconfigure\2.6.12\spring-boot-autoconfigure-2.6.12.jar;D:\apache-maven-3.8.4\repository\org\springframework\boot\spring-boot-starter-logging\2.6.12\spring-boot-starter-logging-2.6.12.jar;D:\apache-maven-3.8.4\repository\ch\qos\logback\logback-classic\1.2.11\logback-classic-1.2.11.jar;D:\apache-maven-3.8.4\repository\ch\qos\logback\logback-core\1.2.11\logback-core-1.2.11.jar;D:\apache-maven-3.8.4\repository\org\apache\logging\log4j\log4j-to-slf4j\2.17.2\log4j-to-slf4j-2.17.2.jar;D:\apache-maven-3.8.4\repository\org\apache\logging\log4j\log4j-api\2.17.2\log4j-api-2.17.2.jar;D:\apache-maven-3.8.4\repository\org\slf4j\jul-to-slf4j\1.7.36\jul-to-slf4j-1.7.36.jar;D:\apache-maven-3.8.4\repository\org\springframework\spring-core\5.3.23\spring-core-5.3.23.jar;D:\apache-maven-3.8.4\repository\org\springframework\spring-jcl\5.3.23\spring-jcl-5.3.23.jar;D:\apache-maven-3.8.4\repository\org\yaml\snakeyaml\1.29\snakeyaml-1.29.jar;D:\apache-maven-3.8.4\repository\org\springframework\boot\spring-boot-starter-test\2.6.12\spring-boot-starter-test-2.6.12.jar;D:\apache-maven-3.8.4\repository\org\springframework\boot\spring-boot-test\2.6.12\spring-boot-test-2.6.12.jar;D:\apache-maven-3.8.4\repository\org\springframework\boot\spring-boot-test-autoconfigure\2.6.12\spring-boot-test-autoconfigure-2.6.12.jar;D:\apache-maven-3.8.4\repository\com\jayway\jsonpath\json-path\2.6.0\json-path-2.6.0.jar;D:\apache-maven-3.8.4\repository\net\minidev\json-smart\2.4.8\json-smart-2.4.8.jar;D:\apache-maven-3.8.4\repository\net\minidev\accessors-smart\2.4.8\accessors-smart-2.4.8.jar;D:\apache-maven-3.8.4\repository\org\ow2\asm\asm\9.1\asm-9.1.jar;D:\apache-maven-3.8.4\repository\org\slf4j\slf4j-api\1.7.36\slf4j-api-1.7.36.jar;D:\apache-maven-3.8.4\repository\jakarta\xml\bind\jakarta.xml.bind-api\2.3.3\jakarta.xml.bind-api-2.3.3.jar;D:\apache-maven-3.8.4\repository\jakarta\activation\jakarta.activation-api\1.2.2\jakarta.activation-api-1.2.2.jar;D:\apache-maven-3.8.4\repository\org\assertj\assertj-core\3.21.0\assertj-core-3.21.0.jar;D:\apache-maven-3.8.4\repository\org\hamcrest\hamcrest\2.2\hamcrest-2.2.jar;D:\apache-maven-3.8.4\repository\org\junit\jupiter\junit-jupiter\5.8.2\junit-jupiter-5.8.2.jar;D:\apache-maven-3.8.4\repository\org\junit\jupiter\junit-jupiter-api\5.8.2\junit-jupiter-api-5.8.2.jar;D:\apache-maven-3.8.4\repository\org\opentest4j\opentest4j\1.2.0\opentest4j-1.2.0.jar;D:\apache-maven-3.8.4\repository\org\junit\platform\junit-platform-commons\1.8.2\junit-platform-commons-1.8.2.jar;D:\apache-maven-3.8.4\repository\org\apiguardian\apiguardian-api\1.1.2\apiguardian-api-1.1.2.jar;D:\apache-maven-3.8.4\repository\org\junit\jupiter\junit-jupiter-params\5.8.2\junit-jupiter-params-5.8.2.jar;D:\apache-maven-3.8.4\repository\org\junit\jupiter\junit-jupiter-engine\5.8.2\junit-jupiter-engine-5.8.2.jar;D:\apache-maven-3.8.4\repository\org\junit\platform\junit-platform-engine\1.8.2\junit-platform-engine-1.8.2.jar;D:\apache-maven-3.8.4\repository\org\mockito\mockito-core\4.0.0\mockito-core-4.0.0.jar;D:\apache-maven-3.8.4\repository\net\bytebuddy\byte-buddy\1.11.22\byte-buddy-1.11.22.jar;D:\apache-maven-3.8.4\repository\net\bytebuddy\byte-buddy-agent\1.11.22\byte-buddy-agent-1.11.22.jar;D:\apache-maven-3.8.4\repository\org\objenesis\objenesis\3.2\objenesis-3.2.jar;D:\apache-maven-3.8.4\repository\org\mockito\mockito-junit-jupiter\4.0.0\mockito-junit-jupiter-4.0.0.jar;D:\apache-maven-3.8.4\repository\org\skyscreamer\jsonassert\1.5.1\jsonassert-1.5.1.jar;D:\apache-maven-3.8.4\repository\com\vaadin\external\google\android-json\0.0.20131108.vaadin1\android-json-0.0.20131108.vaadin1.jar;D:\apache-maven-3.8.4\repository\org\springframework\spring-test\5.3.23\spring-test-5.3.23.jar;D:\apache-maven-3.8.4\repository\org\xmlunit\xmlunit-core\2.8.4\xmlunit-core-2.8.4.jar;D:\apache-maven-3.8.4\repository\org\springframework\boot\spring-boot-starter-web\2.6.12\spring-boot-starter-web-2.6.12.jar;D:\apache-maven-3.8.4\repository\org\springframework\boot\spring-boot-starter-json\2.6.12\spring-boot-starter-json-2.6.12.jar;D:\apache-maven-3.8.4\repository\com\fasterxml\jackson\core\jackson-databind\2.13.4\jackson-databind-2.13.4.jar;D:\apache-maven-3.8.4\repository\com\fasterxml\jackson\core\jackson-annotations\2.13.4\jackson-annotations-2.13.4.jar;D:\apache-maven-3.8.4\repository\com\fasterxml\jackson\core\jackson-core\2.13.4\jackson-core-2.13.4.jar;D:\apache-maven-3.8.4\repository\com\fasterxml\jackson\datatype\jackson-datatype-jdk8\2.13.4\jackson-datatype-jdk8-2.13.4.jar;D:\apache-maven-3.8.4\repository\com\fasterxml\jackson\datatype\jackson-datatype-jsr310\2.13.4\jackson-datatype-jsr310-2.13.4.jar;D:\apache-maven-3.8.4\repository\com\fasterxml\jackson\module\jackson-module-parameter-names\2.13.4\jackson-module-parameter-names-2.13.4.jar;D:\apache-maven-3.8.4\repository\org\springframework\spring-web\5.3.23\spring-web-5.3.23.jar;D:\apache-maven-3.8.4\repository\org\springframework\spring-beans\5.3.23\spring-beans-5.3.23.jar;D:\apache-maven-3.8.4\repository\org\springframework\spring-webmvc\5.3.23\spring-webmvc-5.3.23.jar;D:\apache-maven-3.8.4\repository\org\springframework\spring-expression\5.3.23\spring-expression-5.3.23.jar;D:\apache-maven-3.8.4\repository\org\springframework\boot\spring-boot-starter-aop\2.6.12\spring-boot-starter-aop-2.6.12.jar;D:\apache-maven-3.8.4\repository\org\springframework\spring-aop\5.3.23\spring-aop-5.3.23.jar;D:\apache-maven-3.8.4\repository\org\aspectj\aspectjweaver\1.9.7\aspectjweaver-1.9.7.jar;D:\apache-maven-3.8.4\repository\org\springframework\boot\spring-boot-starter-freemarker\2.6.12\spring-boot-starter-freemarker-2.6.12.jar;D:\apache-maven-3.8.4\repository\org\freemarker\freemarker\2.3.31\freemarker-2.3.31.jar;D:\apache-maven-3.8.4\repository\org\springframework\spring-context-support\5.3.23\spring-context-support-5.3.23.jar;D:\apache-maven-3.8.4\repository\org\mybatis\spring\boot\mybatis-spring-boot-starter\2.1.4\mybatis-spring-boot-starter-2.1.4.jar;D:\apache-maven-3.8.4\repository\org\springframework\boot\spring-boot-starter-jdbc\2.6.12\spring-boot-starter-jdbc-2.6.12.jar;D:\apache-maven-3.8.4\repository\com\zaxxer\HikariCP\4.0.3\HikariCP-4.0.3.jar;D:\apache-maven-3.8.4\repository\org\springframework\spring-jdbc\5.3.23\spring-jdbc-5.3.23.jar;D:\apache-maven-3.8.4\repository\org\springframework\spring-tx\5.3.23\spring-tx-5.3.23.jar;D:\apache-maven-3.8.4\repository\org\mybatis\spring\boot\mybatis-spring-boot-autoconfigure\2.1.4\mybatis-spring-boot-autoconfigure-2.1.4.jar;D:\apache-maven-3.8.4\repository\org\mybatis\mybatis\3.5.6\mybatis-3.5.6.jar;D:\apache-maven-3.8.4\repository\org\mybatis\mybatis-spring\2.0.6\mybatis-spring-2.0.6.jar;D:\apache-maven-3.8.4\repository\com\github\pagehelper\pagehelper-spring-boot-starter\1.4.1\pagehelper-spring-boot-starter-1.4.1.jar;D:\apache-maven-3.8.4\repository\com\github\pagehelper\pagehelper-spring-boot-autoconfigure\1.4.1\pagehelper-spring-boot-autoconfigure-1.4.1.jar;D:\apache-maven-3.8.4\repository\com\github\pagehelper\pagehelper\5.3.0\pagehelper-5.3.0.jar;D:\apache-maven-3.8.4\repository\com\github\jsqlparser\jsqlparser\4.2\jsqlparser-4.2.jar;D:\apache-maven-3.8.4\repository\mysql\mysql-connector-java\8.0.30\mysql-connector-java-8.0.30.jar;D:\apache-maven-3.8.4\repository\com\mchange\c3p0\0.9.5.5\c3p0-0.9.5.5.jar;D:\apache-maven-3.8.4\repository\com\mchange\mchange-commons-java\0.2.19\mchange-commons-java-0.2.19.jar;D:\apache-maven-3.8.4\repository\org\apache\commons\commons-lang3\3.5\commons-lang3-3.5.jar;D:\apache-maven-3.8.4\repository\com\alibaba\fastjson\1.2.78\fastjson-1.2.78.jar;D:\apache-maven-3.8.4\repository\org\springframework\boot\spring-boot-devtools\2.6.12\spring-boot-devtools-2.6.12.jar;D:\apache-maven-3.8.4\repository\org\mybatis\generator\mybatis-generator-core\1.3.5\mybatis-generator-core-1.3.5.jar;D:\apache-maven-3.8.4\repository\org\projectlombok\lombok\1.18.24\lombok-1.18.24.jar;"/>
    <property name="java.vm.vendor" value="Oracle Corporation"/>
    <property name="sun.arch.data.model" value="64"/>
    <property name="user.variant" value=""/>
    <property name="java.vendor.url" value="http://java.oracle.com/"/>
    <property name="user.timezone" value="Asia/Shanghai"/>
    <property name="java.vm.specification.version" value="1.8"/>
    <property name="os.name" value="Windows 8.1"/>
    <property name="user.country" value="CN"/>
    <property name="sun.java.launcher" value="SUN_STANDARD"/>
    <property name="sun.boot.library.path" value="C:\Program Files\Java\jdk1.8.0_45\jre\bin"/>
    <property name="sun.java.command" value="C:\Users\86173\AppData\Local\Temp\surefire8324734335904387589\surefirebooter2598249741867889722.jar C:\Users\86173\AppData\Local\Temp\surefire8324734335904387589 2022-11-30T20-54-21_237-jvmRun1 surefire1860552928794620481tmp surefire_06257138282429811562tmp"/>
    <property name="surefire.test.class.path" value="C:\Users\86173\Desktop\springBoot_crm\target\test-classes;C:\Users\86173\Desktop\springBoot_crm\target\classes;D:\apache-maven-3.8.4\repository\org\springframework\boot\spring-boot-starter-tomcat\2.6.12\spring-boot-starter-tomcat-2.6.12.jar;D:\apache-maven-3.8.4\repository\jakarta\annotation\jakarta.annotation-api\1.3.5\jakarta.annotation-api-1.3.5.jar;D:\apache-maven-3.8.4\repository\org\apache\tomcat\embed\tomcat-embed-core\9.0.65\tomcat-embed-core-9.0.65.jar;D:\apache-maven-3.8.4\repository\org\apache\tomcat\embed\tomcat-embed-el\9.0.65\tomcat-embed-el-9.0.65.jar;D:\apache-maven-3.8.4\repository\org\apache\tomcat\embed\tomcat-embed-websocket\9.0.65\tomcat-embed-websocket-9.0.65.jar;D:\apache-maven-3.8.4\repository\org\apache\tomcat\embed\tomcat-embed-jasper\9.0.65\tomcat-embed-jasper-9.0.65.jar;D:\apache-maven-3.8.4\repository\org\eclipse\jdt\ecj\3.18.0\ecj-3.18.0.jar;D:\apache-maven-3.8.4\repository\org\springframework\boot\spring-boot-starter\2.6.12\spring-boot-starter-2.6.12.jar;D:\apache-maven-3.8.4\repository\org\springframework\boot\spring-boot\2.6.12\spring-boot-2.6.12.jar;D:\apache-maven-3.8.4\repository\org\springframework\spring-context\5.3.23\spring-context-5.3.23.jar;D:\apache-maven-3.8.4\repository\org\springframework\boot\spring-boot-autoconfigure\2.6.12\spring-boot-autoconfigure-2.6.12.jar;D:\apache-maven-3.8.4\repository\org\springframework\boot\spring-boot-starter-logging\2.6.12\spring-boot-starter-logging-2.6.12.jar;D:\apache-maven-3.8.4\repository\ch\qos\logback\logback-classic\1.2.11\logback-classic-1.2.11.jar;D:\apache-maven-3.8.4\repository\ch\qos\logback\logback-core\1.2.11\logback-core-1.2.11.jar;D:\apache-maven-3.8.4\repository\org\apache\logging\log4j\log4j-to-slf4j\2.17.2\log4j-to-slf4j-2.17.2.jar;D:\apache-maven-3.8.4\repository\org\apache\logging\log4j\log4j-api\2.17.2\log4j-api-2.17.2.jar;D:\apache-maven-3.8.4\repository\org\slf4j\jul-to-slf4j\1.7.36\jul-to-slf4j-1.7.36.jar;D:\apache-maven-3.8.4\repository\org\springframework\spring-core\5.3.23\spring-core-5.3.23.jar;D:\apache-maven-3.8.4\repository\org\springframework\spring-jcl\5.3.23\spring-jcl-5.3.23.jar;D:\apache-maven-3.8.4\repository\org\yaml\snakeyaml\1.29\snakeyaml-1.29.jar;D:\apache-maven-3.8.4\repository\org\springframework\boot\spring-boot-starter-test\2.6.12\spring-boot-starter-test-2.6.12.jar;D:\apache-maven-3.8.4\repository\org\springframework\boot\spring-boot-test\2.6.12\spring-boot-test-2.6.12.jar;D:\apache-maven-3.8.4\repository\org\springframework\boot\spring-boot-test-autoconfigure\2.6.12\spring-boot-test-autoconfigure-2.6.12.jar;D:\apache-maven-3.8.4\repository\com\jayway\jsonpath\json-path\2.6.0\json-path-2.6.0.jar;D:\apache-maven-3.8.4\repository\net\minidev\json-smart\2.4.8\json-smart-2.4.8.jar;D:\apache-maven-3.8.4\repository\net\minidev\accessors-smart\2.4.8\accessors-smart-2.4.8.jar;D:\apache-maven-3.8.4\repository\org\ow2\asm\asm\9.1\asm-9.1.jar;D:\apache-maven-3.8.4\repository\org\slf4j\slf4j-api\1.7.36\slf4j-api-1.7.36.jar;D:\apache-maven-3.8.4\repository\jakarta\xml\bind\jakarta.xml.bind-api\2.3.3\jakarta.xml.bind-api-2.3.3.jar;D:\apache-maven-3.8.4\repository\jakarta\activation\jakarta.activation-api\1.2.2\jakarta.activation-api-1.2.2.jar;D:\apache-maven-3.8.4\repository\org\assertj\assertj-core\3.21.0\assertj-core-3.21.0.jar;D:\apache-maven-3.8.4\repository\org\hamcrest\hamcrest\2.2\hamcrest-2.2.jar;D:\apache-maven-3.8.4\repository\org\junit\jupiter\junit-jupiter\5.8.2\junit-jupiter-5.8.2.jar;D:\apache-maven-3.8.4\repository\org\junit\jupiter\junit-jupiter-api\5.8.2\junit-jupiter-api-5.8.2.jar;D:\apache-maven-3.8.4\repository\org\opentest4j\opentest4j\1.2.0\opentest4j-1.2.0.jar;D:\apache-maven-3.8.4\repository\org\junit\platform\junit-platform-commons\1.8.2\junit-platform-commons-1.8.2.jar;D:\apache-maven-3.8.4\repository\org\apiguardian\apiguardian-api\1.1.2\apiguardian-api-1.1.2.jar;D:\apache-maven-3.8.4\repository\org\junit\jupiter\junit-jupiter-params\5.8.2\junit-jupiter-params-5.8.2.jar;D:\apache-maven-3.8.4\repository\org\junit\jupiter\junit-jupiter-engine\5.8.2\junit-jupiter-engine-5.8.2.jar;D:\apache-maven-3.8.4\repository\org\junit\platform\junit-platform-engine\1.8.2\junit-platform-engine-1.8.2.jar;D:\apache-maven-3.8.4\repository\org\mockito\mockito-core\4.0.0\mockito-core-4.0.0.jar;D:\apache-maven-3.8.4\repository\net\bytebuddy\byte-buddy\1.11.22\byte-buddy-1.11.22.jar;D:\apache-maven-3.8.4\repository\net\bytebuddy\byte-buddy-agent\1.11.22\byte-buddy-agent-1.11.22.jar;D:\apache-maven-3.8.4\repository\org\objenesis\objenesis\3.2\objenesis-3.2.jar;D:\apache-maven-3.8.4\repository\org\mockito\mockito-junit-jupiter\4.0.0\mockito-junit-jupiter-4.0.0.jar;D:\apache-maven-3.8.4\repository\org\skyscreamer\jsonassert\1.5.1\jsonassert-1.5.1.jar;D:\apache-maven-3.8.4\repository\com\vaadin\external\google\android-json\0.0.20131108.vaadin1\android-json-0.0.20131108.vaadin1.jar;D:\apache-maven-3.8.4\repository\org\springframework\spring-test\5.3.23\spring-test-5.3.23.jar;D:\apache-maven-3.8.4\repository\org\xmlunit\xmlunit-core\2.8.4\xmlunit-core-2.8.4.jar;D:\apache-maven-3.8.4\repository\org\springframework\boot\spring-boot-starter-web\2.6.12\spring-boot-starter-web-2.6.12.jar;D:\apache-maven-3.8.4\repository\org\springframework\boot\spring-boot-starter-json\2.6.12\spring-boot-starter-json-2.6.12.jar;D:\apache-maven-3.8.4\repository\com\fasterxml\jackson\core\jackson-databind\2.13.4\jackson-databind-2.13.4.jar;D:\apache-maven-3.8.4\repository\com\fasterxml\jackson\core\jackson-annotations\2.13.4\jackson-annotations-2.13.4.jar;D:\apache-maven-3.8.4\repository\com\fasterxml\jackson\core\jackson-core\2.13.4\jackson-core-2.13.4.jar;D:\apache-maven-3.8.4\repository\com\fasterxml\jackson\datatype\jackson-datatype-jdk8\2.13.4\jackson-datatype-jdk8-2.13.4.jar;D:\apache-maven-3.8.4\repository\com\fasterxml\jackson\datatype\jackson-datatype-jsr310\2.13.4\jackson-datatype-jsr310-2.13.4.jar;D:\apache-maven-3.8.4\repository\com\fasterxml\jackson\module\jackson-module-parameter-names\2.13.4\jackson-module-parameter-names-2.13.4.jar;D:\apache-maven-3.8.4\repository\org\springframework\spring-web\5.3.23\spring-web-5.3.23.jar;D:\apache-maven-3.8.4\repository\org\springframework\spring-beans\5.3.23\spring-beans-5.3.23.jar;D:\apache-maven-3.8.4\repository\org\springframework\spring-webmvc\5.3.23\spring-webmvc-5.3.23.jar;D:\apache-maven-3.8.4\repository\org\springframework\spring-expression\5.3.23\spring-expression-5.3.23.jar;D:\apache-maven-3.8.4\repository\org\springframework\boot\spring-boot-starter-aop\2.6.12\spring-boot-starter-aop-2.6.12.jar;D:\apache-maven-3.8.4\repository\org\springframework\spring-aop\5.3.23\spring-aop-5.3.23.jar;D:\apache-maven-3.8.4\repository\org\aspectj\aspectjweaver\1.9.7\aspectjweaver-1.9.7.jar;D:\apache-maven-3.8.4\repository\org\springframework\boot\spring-boot-starter-freemarker\2.6.12\spring-boot-starter-freemarker-2.6.12.jar;D:\apache-maven-3.8.4\repository\org\freemarker\freemarker\2.3.31\freemarker-2.3.31.jar;D:\apache-maven-3.8.4\repository\org\springframework\spring-context-support\5.3.23\spring-context-support-5.3.23.jar;D:\apache-maven-3.8.4\repository\org\mybatis\spring\boot\mybatis-spring-boot-starter\2.1.4\mybatis-spring-boot-starter-2.1.4.jar;D:\apache-maven-3.8.4\repository\org\springframework\boot\spring-boot-starter-jdbc\2.6.12\spring-boot-starter-jdbc-2.6.12.jar;D:\apache-maven-3.8.4\repository\com\zaxxer\HikariCP\4.0.3\HikariCP-4.0.3.jar;D:\apache-maven-3.8.4\repository\org\springframework\spring-jdbc\5.3.23\spring-jdbc-5.3.23.jar;D:\apache-maven-3.8.4\repository\org\springframework\spring-tx\5.3.23\spring-tx-5.3.23.jar;D:\apache-maven-3.8.4\repository\org\mybatis\spring\boot\mybatis-spring-boot-autoconfigure\2.1.4\mybatis-spring-boot-autoconfigure-2.1.4.jar;D:\apache-maven-3.8.4\repository\org\mybatis\mybatis\3.5.6\mybatis-3.5.6.jar;D:\apache-maven-3.8.4\repository\org\mybatis\mybatis-spring\2.0.6\mybatis-spring-2.0.6.jar;D:\apache-maven-3.8.4\repository\com\github\pagehelper\pagehelper-spring-boot-starter\1.4.1\pagehelper-spring-boot-starter-1.4.1.jar;D:\apache-maven-3.8.4\repository\com\github\pagehelper\pagehelper-spring-boot-autoconfigure\1.4.1\pagehelper-spring-boot-autoconfigure-1.4.1.jar;D:\apache-maven-3.8.4\repository\com\github\pagehelper\pagehelper\5.3.0\pagehelper-5.3.0.jar;D:\apache-maven-3.8.4\repository\com\github\jsqlparser\jsqlparser\4.2\jsqlparser-4.2.jar;D:\apache-maven-3.8.4\repository\mysql\mysql-connector-java\8.0.30\mysql-connector-java-8.0.30.jar;D:\apache-maven-3.8.4\repository\com\mchange\c3p0\0.9.5.5\c3p0-0.9.5.5.jar;D:\apache-maven-3.8.4\repository\com\mchange\mchange-commons-java\0.2.19\mchange-commons-java-0.2.19.jar;D:\apache-maven-3.8.4\repository\org\apache\commons\commons-lang3\3.5\commons-lang3-3.5.jar;D:\apache-maven-3.8.4\repository\com\alibaba\fastjson\1.2.78\fastjson-1.2.78.jar;D:\apache-maven-3.8.4\repository\org\springframework\boot\spring-boot-devtools\2.6.12\spring-boot-devtools-2.6.12.jar;D:\apache-maven-3.8.4\repository\org\mybatis\generator\mybatis-generator-core\1.3.5\mybatis-generator-core-1.3.5.jar;D:\apache-maven-3.8.4\repository\org\projectlombok\lombok\1.18.24\lombok-1.18.24.jar;"/>
    <property name="sun.cpu.endian" value="little"/>
    <property name="user.home" value="C:\Users\86173"/>
    <property name="user.language" value="zh"/>
    <property name="java.specification.vendor" value="Oracle Corporation"/>
    <property name="java.home" value="C:\Program Files\Java\jdk1.8.0_45\jre"/>
    <property name="basedir" value="C:\Users\86173\Desktop\springBoot_crm"/>
    <property name="file.separator" value="\"/>
    <property name="line.separator" value="&#10;"/>
    <property name="java.vm.specification.vendor" value="Oracle Corporation"/>
    <property name="java.specification.name" value="Java Platform API Specification"/>
    <property name="java.awt.graphicsenv" value="sun.awt.Win32GraphicsEnvironment"/>
    <property name="surefire.real.class.path" value="C:\Users\86173\AppData\Local\Temp\surefire8324734335904387589\surefirebooter2598249741867889722.jar"/>
    <property name="sun.boot.class.path" value="C:\Program Files\Java\jdk1.8.0_45\jre\lib\resources.jar;C:\Program Files\Java\jdk1.8.0_45\jre\lib\rt.jar;C:\Program Files\Java\jdk1.8.0_45\jre\lib\sunrsasign.jar;C:\Program Files\Java\jdk1.8.0_45\jre\lib\jsse.jar;C:\Program Files\Java\jdk1.8.0_45\jre\lib\jce.jar;C:\Program Files\Java\jdk1.8.0_45\jre\lib\charsets.jar;C:\Program Files\Java\jdk1.8.0_45\jre\lib\jfr.jar;C:\Program Files\Java\jdk1.8.0_45\jre\classes"/>
    <property name="user.script" value=""/>
    <property name="sun.management.compiler" value="HotSpot 64-Bit Tiered Compilers"/>
    <property name="java.runtime.version" value="1.8.0_45-b15"/>
    <property name="user.name" value="86173"/>
    <property name="path.separator" value=";"/>
    <property name="os.version" value="6.3"/>
    <property name="java.endorsed.dirs" value="C:\Program Files\Java\jdk1.8.0_45\jre\lib\endorsed"/>
    <property name="java.runtime.name" value="Java(TM) SE Runtime Environment"/>
    <property name="file.encoding" value="GBK"/>
    <property name="java.vm.name" value="Java HotSpot(TM) 64-Bit Server VM"/>
    <property name="localRepository" value="D:\apache-maven-3.8.4\repository"/>
    <property name="java.vendor.url.bug" value="http://bugreport.sun.com/bugreport/"/>
    <property name="java.io.tmpdir" value="C:\Users\86173\AppData\Local\Temp\"/>
    <property name="idea.version" value="2021.2.2"/>
    <property name="java.version" value="1.8.0_45"/>
    <property name="user.dir" value="C:\Users\86173\Desktop\springBoot_crm"/>
    <property name="os.arch" value="amd64"/>
    <property name="java.vm.specification.name" value="Java Virtual Machine Specification"/>
    <property name="java.awt.printerjob" value="sun.awt.windows.WPrinterJob"/>
    <property name="sun.os.patch.level" value=""/>
    <property name="java.library.path" value="C:\Program Files\Java\jdk1.8.0_45\jre\bin;C:\WINDOWS\Sun\Java\bin;C:\WINDOWS\system32;C:\WINDOWS;D:\vm\bin\;C:\Windows\system32;C:\Windows;C:\Windows\System32\Wbem;C:\Windows\System32\WindowsPowerShell\v1.0\;C:\Windows\System32\OpenSSH\;C:\Program Files (x86)\NVIDIA Corporation\PhysX\Common;C:\Program Files\NVIDIA Corporation\NVIDIA NvDLISR;C:\Program Files\Java\jdk1.8.0_45\bin;D:\apache-maven-3.6.3\bin;C:\Program Files\Java\jdk1.8.0_45\jre\bin;C:\Program Files\Microsoft\Web Platform Installer\;C:\Program Files (x86)\Microsoft ASP.NET\ASP.NET Web Pages\v1.0\;C:\Program Files\Microsoft SQL Server\110\Tools\Binn\;C:\Program Files (x86)\Microsoft SQL Server\110\Tools\Binn\;C:\Program Files\Microsoft SQL Server\110\DTS\Binn\;C:\Program Files (x86)\Microsoft SQL Server\110\Tools\Binn\ManagementStudio\;C:\Program Files (x86)\Microsoft Visual Studio 10.0\Common7\IDE\PrivateAssemblies\;C:\Program Files (x86)\Microsoft SQL Server\110\DTS\Binn\;C:\Program Files\Microsoft SQL Server\150\Tools\Binn\;C:\Program Files\Microsoft SQL Server\Client SDK\ODBC\170\Tools\Binn\;C:\Program Files\dotnet\;D:\Git\Git\cmd;D:\微信开发者工具\微信web开发者工具\dll;D:\apache-zookeeper-3.7.1-bin\bin;;C:\WINDOWS\system32;C:\WINDOWS;C:\WINDOWS\System32\Wbem;C:\WINDOWS\System32\WindowsPowerShell\v1.0\;C:\WINDOWS\System32\OpenSSH\;C:\Users\86173\AppData\Local\Microsoft\WindowsApps;C:\Program Files\Bandizip\;D:\IDEA\IntelliJ IDEA 2021.2.2\bin;;C:\Users\86173\.dotnet\tools;C:\Program Files\MySQL\MySQL Server 5.7\bin;;."/>
    <property name="java.vm.info" value="mixed mode"/>
    <property name="java.vendor" value="Oracle Corporation"/>
    <property name="java.vm.version" value="25.45-b02"/>
    <property name="java.ext.dirs" value="C:\Program Files\Java\jdk1.8.0_45\jre\lib\ext;C:\WINDOWS\Sun\Java\lib\ext"/>
    <property name="sun.io.unicode.encoding" value="UnicodeLittle"/>
    <property name="maven.repo.local" value="D:\apache-maven-3.8.4\repository"/>
    <property name="java.class.version" value="52.0"/>
  </properties>
  <testcase name="contextLoads" classname="com.zhang.SpringBootCrmApplicationTests" time="0.455"/>
</testsuite>